<?xml version="1.0" encoding="UTF-8"?>
<testng-results ignored="0" total="9" passed="9" failed="0" skipped="0">
  <reporter-output>
  </reporter-output>
  <suite started-at="2024-10-16T19:13:56 IST" name="Default suite" finished-at="2024-10-16T19:15:40 IST" duration-ms="103767">
    <groups>
    </groups>
    <test started-at="2024-10-16T19:13:56 IST" name="Default test" finished-at="2024-10-16T19:15:40 IST" duration-ms="103767">
      <class name="testpkg_bigbus.Testclass_bigbus">
        <test-method is-config="true" signature="preCondition1()[pri:0, instance:testpkg_bigbus.Testclass_bigbus@543295b0]" started-at="2024-10-16T19:13:56 IST" name="preCondition1" finished-at="2024-10-16T19:14:06 IST" duration-ms="9981" status="PASS">
          <reporter-output>
          </reporter-output>
        </test-method> <!-- preCondition1 -->
        <test-method signature="logoVerification1()[pri:1, instance:testpkg_bigbus.Testclass_bigbus@543295b0]" started-at="2024-10-16T19:14:06 IST" name="logoVerification1" finished-at="2024-10-16T19:14:08 IST" duration-ms="2064" status="PASS">
          <reporter-output>
          </reporter-output>
        </test-method> <!-- logoVerification1 -->
        <test-method signature="titleVerification()[pri:2, instance:testpkg_bigbus.Testclass_bigbus@543295b0]" started-at="2024-10-16T19:14:08 IST" name="titleVerification" finished-at="2024-10-16T19:14:10 IST" duration-ms="2027" status="PASS">
          <reporter-output>
          </reporter-output>
        </test-method> <!-- titleVerification -->
        <test-method signature="linkCountt()[pri:3, instance:testpkg_bigbus.Testclass_bigbus@543295b0]" started-at="2024-10-16T19:14:10 IST" name="linkCountt" finished-at="2024-10-16T19:14:12 IST" duration-ms="2046" status="PASS">
          <reporter-output>
          </reporter-output>
        </test-method> <!-- linkCountt -->
        <test-method signature="responseCode()[pri:4, instance:testpkg_bigbus.Testclass_bigbus@543295b0]" started-at="2024-10-16T19:14:12 IST" name="responseCode" finished-at="2024-10-16T19:14:13 IST" duration-ms="491" status="PASS">
          <reporter-output>
          </reporter-output>
        </test-method> <!-- responseCode -->
        <test-method signature="datePicker()[pri:5, instance:testpkg_bigbus.Testclass_bigbus@543295b0]" started-at="2024-10-16T19:14:13 IST" name="datePicker" finished-at="2024-10-16T19:15:05 IST" duration-ms="52265" status="PASS">
          <reporter-output>
          </reporter-output>
        </test-method> <!-- datePicker -->
        <test-method signature="elementScreenshot()[pri:6, instance:testpkg_bigbus.Testclass_bigbus@543295b0]" started-at="2024-10-16T19:15:05 IST" name="elementScreenshot" finished-at="2024-10-16T19:15:09 IST" duration-ms="4294" status="PASS">
          <reporter-output>
          </reporter-output>
        </test-method> <!-- elementScreenshot -->
        <test-method signature="Pagescreenshot()[pri:7, instance:testpkg_bigbus.Testclass_bigbus@543295b0]" started-at="2024-10-16T19:15:09 IST" name="Pagescreenshot" finished-at="2024-10-16T19:15:12 IST" duration-ms="2285" status="PASS">
          <reporter-output>
          </reporter-output>
        </test-method> <!-- Pagescreenshot -->
        <test-method signature="Managebooking_bigbus()[pri:8, instance:testpkg_bigbus.Testclass_bigbus@543295b0]" started-at="2024-10-16T19:15:12 IST" name="Managebooking_bigbus" finished-at="2024-10-16T19:15:37 IST" duration-ms="25306" status="PASS">
          <reporter-output>
          </reporter-output>
        </test-method> <!-- Managebooking_bigbus -->
        <test-method signature="windowHandle()[pri:9, instance:testpkg_bigbus.Testclass_bigbus@543295b0]" started-at="2024-10-16T19:15:37 IST" name="windowHandle" finished-at="2024-10-16T19:15:39 IST" duration-ms="2330" status="PASS">
          <reporter-output>
          </reporter-output>
        </test-method> <!-- windowHandle -->
        <test-method is-config="true" signature="postCondition1()[pri:0, instance:testpkg_bigbus.Testclass_bigbus@543295b0]" started-at="2024-10-16T19:15:39 IST" name="postCondition1" finished-at="2024-10-16T19:15:40 IST" duration-ms="584" status="PASS">
          <reporter-output>
          </reporter-output>
        </test-method> <!-- postCondition1 -->
      </class> <!-- testpkg_bigbus.Testclass_bigbus -->
    </test> <!-- Default test -->
  </suite> <!-- Default suite -->
</testng-results>
